# JRE version: Java(TM) SE Runtime Environment (8.0_201-b09) (build 1.8.0_201-b09)
# Java VM: Java HotSpot(TM) 64-Bit Server VM (25.201-b09 mixed mode linux-amd64 compressed oops)
Heap:
 PSYoungGen      total 1971712K, used 874924K [0x0000000715580000, 0x0000000793f00000, 0x00000007c0000000)
  eden space 1956352K, 44% used [0x0000000715580000,0x000000074abeb168,0x000000078cc00000)
  from space 15360K, 0% used [0x000000078db00000,0x000000078db00000,0x000000078ea00000)
  to   space 15360K, 0% used [0x000000078cc00000,0x000000078cc00000,0x000000078db00000)
 ParOldGen       total 572928K, used 103951K [0x00000005c0000000, 0x00000005e2f80000, 0x0000000715580000)
  object space 572928K, 18% used [0x00000005c0000000,0x00000005c6583cb8,0x00000005e2f80000)
 Metaspace       used 19965K, capacity 20144K, committed 20608K, reserved 1067008K
  class space    used 2259K, capacity 2341K, committed 2432K, reserved 1048576K
GC Heap History (10 events):
Event: 15,474 GC heap before
{Heap before GC invocations=22 (full 5):
 PSYoungGen      total 1593856K, used 6624K [0x0000000715580000, 0x0000000786b80000, 0x00000007c0000000)
  eden space 1576960K, 0% used [0x0000000715580000,0x0000000715580000,0x0000000775980000)
  from space 16896K, 39% used [0x0000000775980000,0x0000000775ff80a0,0x0000000776a00000)
  to   space 15872K, 0% used [0x0000000785c00000,0x0000000785c00000,0x0000000786b80000)
 ParOldGen       total 400384K, used 265410K [0x00000005c0000000, 0x00000005d8700000, 0x0000000715580000)
  object space 400384K, 66% used [0x00000005c0000000,0x00000005d0330ae0,0x00000005d8700000)
 Metaspace       used 19965K, capacity 20144K, committed 20608K, reserved 1067008K
  class space    used 2259K, capacity 2341K, committed 2432K, reserved 1048576K
Event: 15,517 GC heap after
Heap after GC invocations=22 (full 5):
 PSYoungGen      total 1593856K, used 0K [0x0000000715580000, 0x0000000786b80000, 0x00000007c0000000)
  eden space 1576960K, 0% used [0x0000000715580000,0x0000000715580000,0x0000000775980000)
  from space 16896K, 0% used [0x0000000775980000,0x0000000775980000,0x0000000776a00000)
  to   space 15872K, 0% used [0x0000000785c00000,0x0000000785c00000,0x0000000786b80000)
 ParOldGen       total 494080K, used 105472K [0x00000005c0000000, 0x00000005de280000, 0x0000000715580000)
  object space 494080K, 21% used [0x00000005c0000000,0x00000005c6700020,0x00000005de280000)
 Metaspace       used 19965K, capacity 20144K, committed 20608K, reserved 1067008K
  class space    used 2259K, capacity 2341K, committed 2432K, reserved 1048576K
}
Event: 17,312 GC heap before
{Heap before GC invocations=23 (full 5):
 PSYoungGen      total 1593856K, used 1576960K [0x0000000715580000, 0x0000000786b80000, 0x00000007c0000000)
  eden space 1576960K, 100% used [0x0000000715580000,0x0000000775980000,0x0000000775980000)
  from space 16896K, 0% used [0x0000000775980000,0x0000000775980000,0x0000000776a00000)
  to   space 15872K, 0% used [0x0000000785c00000,0x0000000785c00000,0x0000000786b80000)
 ParOldGen       total 494080K, used 105472K [0x00000005c0000000, 0x00000005de280000, 0x0000000715580000)
  object space 494080K, 21% used [0x00000005c0000000,0x00000005c6700020,0x00000005de280000)
 Metaspace       used 19965K, capacity 20144K, committed 20608K, reserved 1067008K
  class space    used 2259K, capacity 2341K, committed 2432K, reserved 1048576K
Event: 17,327 GC heap after
Heap after GC invocations=23 (full 5):
 PSYoungGen      total 1766400K, used 1216K [0x0000000715580000, 0x0000000785d80000, 0x00000007c0000000)
  eden space 1764864K, 0% used [0x0000000715580000,0x0000000715580000,0x0000000781100000)
  from space 1536K, 79% used [0x0000000785c00000,0x0000000785d30010,0x0000000785d80000)
  to   space 15872K, 0% used [0x0000000783e80000,0x0000000783e80000,0x0000000784e00000)
 ParOldGen       total 494080K, used 186198K [0x00000005c0000000, 0x00000005de280000, 0x0000000715580000)
  object space 494080K, 37% used [0x00000005c0000000,0x00000005cb5d5898,0x00000005de280000)
 Metaspace       used 19965K, capacity 20144K, committed 20608K, reserved 1067008K
  class space    used 2259K, capacity 2341K, committed 2432K, reserved 1048576K
}
Event: 19,583 GC heap before
{Heap before GC invocations=24 (full 5):
 PSYoungGen      total 1766400K, used 1766080K [0x0000000715580000, 0x0000000785d80000, 0x00000007c0000000)
  eden space 1764864K, 100% used [0x0000000715580000,0x0000000781100000,0x0000000781100000)
  from space 1536K, 79% used [0x0000000785c00000,0x0000000785d30010,0x0000000785d80000)
  to   space 15872K, 0% used [0x0000000783e80000,0x0000000783e80000,0x0000000784e00000)
 ParOldGen       total 494080K, used 186198K [0x00000005c0000000, 0x00000005de280000, 0x0000000715580000)
  object space 494080K, 37% used [0x00000005c0000000,0x00000005cb5d5898,0x00000005de280000)
 Metaspace       used 19965K, capacity 20144K, committed 20608K, reserved 1067008K
  class space    used 2259K, capacity 2341K, committed 2432K, reserved 1048576K
Event: 19,595 GC heap after
Heap after GC invocations=24 (full 5):
 PSYoungGen      total 1827328K, used 1248K [0x0000000715580000, 0x000000078ea00000, 0x00000007c0000000)
  eden space 1811456K, 0% used [0x0000000715580000,0x0000000715580000,0x0000000783e80000)
  from space 15872K, 7% used [0x0000000783e80000,0x0000000783fb8010,0x0000000784e00000)
  to   space 15360K, 0% used [0x000000078db00000,0x000000078db00000,0x000000078ea00000)
 ParOldGen       total 494080K, used 266924K [0x00000005c0000000, 0x00000005de280000, 0x0000000715580000)
  object space 494080K, 54% used [0x00000005c0000000,0x00000005d04ab110,0x00000005de280000)
 Metaspace       used 19965K, capacity 20144K, committed 20608K, reserved 1067008K
  class space    used 2259K, capacity 2341K, committed 2432K, reserved 1048576K
}
Event: 21,782 GC heap before
{Heap before GC invocations=25 (full 5):
 PSYoungGen      total 1827328K, used 1812704K [0x0000000715580000, 0x000000078ea00000, 0x00000007c0000000)
  eden space 1811456K, 100% used [0x0000000715580000,0x0000000783e80000,0x0000000783e80000)
  from space 15872K, 7% used [0x0000000783e80000,0x0000000783fb8010,0x0000000784e00000)
  to   space 15360K, 0% used [0x000000078db00000,0x000000078db00000,0x000000078ea00000)
 ParOldGen       total 494080K, used 266924K [0x00000005c0000000, 0x00000005de280000, 0x0000000715580000)
  object space 494080K, 54% used [0x00000005c0000000,0x00000005d04ab110,0x00000005de280000)
 Metaspace       used 19965K, capacity 20144K, committed 20608K, reserved 1067008K
  class space    used 2259K, capacity 2341K, committed 2432K, reserved 1048576K
Event: 21,822 GC heap after
Heap after GC invocations=25 (full 5):
 PSYoungGen      total 1971712K, used 1248K [0x0000000715580000, 0x0000000793f00000, 0x00000007c0000000)
  eden space 1956352K, 0% used [0x0000000715580000,0x0000000715580000,0x000000078cc00000)
  from space 15360K, 8% used [0x000000078db00000,0x000000078dc38010,0x000000078ea00000)
  to   space 15360K, 0% used [0x000000078cc00000,0x000000078cc00000,0x000000078db00000)
 ParOldGen       total 494080K, used 347650K [0x00000005c0000000, 0x00000005de280000, 0x0000000715580000)
  object space 494080K, 70% used [0x00000005c0000000,0x00000005d5380988,0x00000005de280000)
 Metaspace       used 19965K, capacity 20144K, committed 20608K, reserved 1067008K
  class space    used 2259K, capacity 2341K, committed 2432K, reserved 1048576K
}
Event: 21,822 GC heap before
{Heap before GC invocations=26 (full 6):
 PSYoungGen      total 1971712K, used 1248K [0x0000000715580000, 0x0000000793f00000, 0x00000007c0000000)
  eden space 1956352K, 0% used [0x0000000715580000,0x0000000715580000,0x000000078cc00000)
  from space 15360K, 8% used [0x000000078db00000,0x000000078dc38010,0x000000078ea00000)
  to   space 15360K, 0% used [0x000000078cc00000,0x000000078cc00000,0x000000078db00000)
 ParOldGen       total 494080K, used 347650K [0x00000005c0000000, 0x00000005de280000, 0x0000000715580000)
  object space 494080K, 70% used [0x00000005c0000000,0x00000005d5380988,0x00000005de280000)
 Metaspace       used 19965K, capacity 20144K, committed 20608K, reserved 1067008K
  class space    used 2259K, capacity 2341K, committed 2432K, reserved 1048576K
Event: 21,862 GC heap after
Heap after GC invocations=26 (full 6):
 PSYoungGen      total 1971712K, used 0K [0x0000000715580000, 0x0000000793f00000, 0x00000007c0000000)
  eden space 1956352K, 0% used [0x0000000715580000,0x0000000715580000,0x000000078cc00000)
  from space 15360K, 0% used [0x000000078db00000,0x000000078db00000,0x000000078ea00000)
  to   space 15360K, 0% used [0x000000078cc00000,0x000000078cc00000,0x000000078db00000)
 ParOldGen       total 572928K, used 103951K [0x00000005c0000000, 0x00000005e2f80000, 0x0000000715580000)
  object space 572928K, 18% used [0x00000005c0000000,0x00000005c6583cb8,0x00000005e2f80000)
 Metaspace       used 19965K, capacity 20144K, committed 20608K, reserved 1067008K
  class space    used 2259K, capacity 2341K, committed 2432K, reserved 1048576K
}

