# JRE version: Java(TM) SE Runtime Environment (8.0_201-b09) (build 1.8.0_201-b09)
# Java VM: Java HotSpot(TM) 64-Bit Server VM (25.201-b09 mixed mode linux-amd64 compressed oops)
Heap:
 PSYoungGen      total 2145280K, used 386954K [0x0000000715580000, 0x000000079f100000, 0x00000007c0000000)
  eden space 2130432K, 18% used [0x0000000715580000,0x000000072cf62ad0,0x0000000797600000)
  from space 14848K, 0% used [0x0000000798380000,0x0000000798380000,0x0000000799200000)
  to   space 13824K, 0% used [0x0000000797600000,0x0000000797600000,0x0000000798380000)
 ParOldGen       total 545792K, used 104728K [0x00000005c0000000, 0x00000005e1500000, 0x0000000715580000)
  object space 545792K, 19% used [0x00000005c0000000,0x00000005c6646290,0x00000005e1500000)
 Metaspace       used 19991K, capacity 20208K, committed 20608K, reserved 1067008K
  class space    used 2260K, capacity 2341K, committed 2432K, reserved 1048576K
GC Heap History (10 events):
Event: 18,359 GC heap before
{Heap before GC invocations=22 (full 5):
 PSYoungGen      total 1699840K, used 2528K [0x0000000715580000, 0x000000078f400000, 0x00000007c0000000)
  eden space 1683968K, 0% used [0x0000000715580000,0x0000000715580000,0x000000077c200000)
  from space 15872K, 15% used [0x000000077c200000,0x000000077c478030,0x000000077d180000)
  to   space 15872K, 0% used [0x000000078e480000,0x000000078e480000,0x000000078f400000)
 ParOldGen       total 389632K, used 265412K [0x00000005c0000000, 0x00000005d7c80000, 0x0000000715580000)
  object space 389632K, 68% used [0x00000005c0000000,0x00000005d03312c0,0x00000005d7c80000)
 Metaspace       used 19991K, capacity 20208K, committed 20608K, reserved 1067008K
  class space    used 2260K, capacity 2341K, committed 2432K, reserved 1048576K
Event: 18,407 GC heap after
Heap after GC invocations=22 (full 5):
 PSYoungGen      total 1699840K, used 0K [0x0000000715580000, 0x000000078f400000, 0x00000007c0000000)
  eden space 1683968K, 0% used [0x0000000715580000,0x0000000715580000,0x000000077c200000)
  from space 15872K, 0% used [0x000000077c200000,0x000000077c200000,0x000000077d180000)
  to   space 15872K, 0% used [0x000000078e480000,0x000000078e480000,0x000000078f400000)
 ParOldGen       total 471552K, used 102916K [0x00000005c0000000, 0x00000005dcc80000, 0x0000000715580000)
  object space 471552K, 21% used [0x00000005c0000000,0x00000005c64811b0,0x00000005dcc80000)
 Metaspace       used 19991K, capacity 20208K, committed 20608K, reserved 1067008K
  class space    used 2260K, capacity 2341K, committed 2432K, reserved 1048576K
}
Event: 20,978 GC heap before
{Heap before GC invocations=23 (full 5):
 PSYoungGen      total 1699840K, used 1683968K [0x0000000715580000, 0x000000078f400000, 0x00000007c0000000)
  eden space 1683968K, 100% used [0x0000000715580000,0x000000077c200000,0x000000077c200000)
  from space 15872K, 0% used [0x000000077c200000,0x000000077c200000,0x000000077d180000)
  to   space 15872K, 0% used [0x000000078e480000,0x000000078e480000,0x000000078f400000)
 ParOldGen       total 471552K, used 102916K [0x00000005c0000000, 0x00000005dcc80000, 0x0000000715580000)
  object space 471552K, 21% used [0x00000005c0000000,0x00000005c64811b0,0x00000005dcc80000)
 Metaspace       used 19991K, capacity 20208K, committed 20608K, reserved 1067008K
  class space    used 2260K, capacity 2341K, committed 2432K, reserved 1048576K
Event: 20,992 GC heap after
Heap after GC invocations=23 (full 5):
 PSYoungGen      total 1906176K, used 2240K [0x0000000715580000, 0x000000078e700000, 0x00000007c0000000)
  eden space 1903616K, 0% used [0x0000000715580000,0x0000000715580000,0x0000000789880000)
  from space 2560K, 87% used [0x000000078e480000,0x000000078e6b0020,0x000000078e700000)
  to   space 15360K, 0% used [0x000000078c900000,0x000000078c900000,0x000000078d800000)
 ParOldGen       total 471552K, used 183642K [0x00000005c0000000, 0x00000005dcc80000, 0x0000000715580000)
  object space 471552K, 38% used [0x00000005c0000000,0x00000005cb356a28,0x00000005dcc80000)
 Metaspace       used 19991K, capacity 20208K, committed 20608K, reserved 1067008K
  class space    used 2260K, capacity 2341K, committed 2432K, reserved 1048576K
}
Event: 23,831 GC heap before
{Heap before GC invocations=24 (full 5):
 PSYoungGen      total 1906176K, used 1905856K [0x0000000715580000, 0x000000078e700000, 0x00000007c0000000)
  eden space 1903616K, 100% used [0x0000000715580000,0x0000000789880000,0x0000000789880000)
  from space 2560K, 87% used [0x000000078e480000,0x000000078e6b0020,0x000000078e700000)
  to   space 15360K, 0% used [0x000000078c900000,0x000000078c900000,0x000000078d800000)
 ParOldGen       total 471552K, used 183642K [0x00000005c0000000, 0x00000005dcc80000, 0x0000000715580000)
  object space 471552K, 38% used [0x00000005c0000000,0x00000005cb356a28,0x00000005dcc80000)
 Metaspace       used 19991K, capacity 20208K, committed 20608K, reserved 1067008K
  class space    used 2260K, capacity 2341K, committed 2432K, reserved 1048576K
Event: 23,844 GC heap after
Heap after GC invocations=24 (full 5):
 PSYoungGen      total 1968640K, used 3296K [0x0000000715580000, 0x0000000799200000, 0x00000007c0000000)
  eden space 1953280K, 0% used [0x0000000715580000,0x0000000715580000,0x000000078c900000)
  from space 15360K, 21% used [0x000000078c900000,0x000000078cc38030,0x000000078d800000)
  to   space 14848K, 0% used [0x0000000798380000,0x0000000798380000,0x0000000799200000)
 ParOldGen       total 471552K, used 264368K [0x00000005c0000000, 0x00000005dcc80000, 0x0000000715580000)
  object space 471552K, 56% used [0x00000005c0000000,0x00000005d022c2a0,0x00000005dcc80000)
 Metaspace       used 19991K, capacity 20208K, committed 20608K, reserved 1067008K
  class space    used 2260K, capacity 2341K, committed 2432K, reserved 1048576K
}
Event: 26,437 GC heap before
{Heap before GC invocations=25 (full 5):
 PSYoungGen      total 1968640K, used 1956576K [0x0000000715580000, 0x0000000799200000, 0x00000007c0000000)
  eden space 1953280K, 100% used [0x0000000715580000,0x000000078c900000,0x000000078c900000)
  from space 15360K, 21% used [0x000000078c900000,0x000000078cc38030,0x000000078d800000)
  to   space 14848K, 0% used [0x0000000798380000,0x0000000798380000,0x0000000799200000)
 ParOldGen       total 471552K, used 264368K [0x00000005c0000000, 0x00000005dcc80000, 0x0000000715580000)
  object space 471552K, 56% used [0x00000005c0000000,0x00000005d022c2a0,0x00000005dcc80000)
 Metaspace       used 19991K, capacity 20208K, committed 20608K, reserved 1067008K
  class space    used 2260K, capacity 2341K, committed 2432K, reserved 1048576K
Event: 26,485 GC heap after
Heap after GC invocations=25 (full 5):
 PSYoungGen      total 2145280K, used 4288K [0x0000000715580000, 0x000000079f100000, 0x00000007c0000000)
  eden space 2130432K, 0% used [0x0000000715580000,0x0000000715580000,0x0000000797600000)
  from space 14848K, 28% used [0x0000000798380000,0x00000007987b0070,0x0000000799200000)
  to   space 13824K, 0% used [0x0000000797600000,0x0000000797600000,0x0000000798380000)
 ParOldGen       total 471552K, used 345094K [0x00000005c0000000, 0x00000005dcc80000, 0x0000000715580000)
  object space 471552K, 73% used [0x00000005c0000000,0x00000005d5101b18,0x00000005dcc80000)
 Metaspace       used 19991K, capacity 20208K, committed 20608K, reserved 1067008K
  class space    used 2260K, capacity 2341K, committed 2432K, reserved 1048576K
}
Event: 26,485 GC heap before
{Heap before GC invocations=26 (full 6):
 PSYoungGen      total 2145280K, used 4288K [0x0000000715580000, 0x000000079f100000, 0x00000007c0000000)
  eden space 2130432K, 0% used [0x0000000715580000,0x0000000715580000,0x0000000797600000)
  from space 14848K, 28% used [0x0000000798380000,0x00000007987b0070,0x0000000799200000)
  to   space 13824K, 0% used [0x0000000797600000,0x0000000797600000,0x0000000798380000)
 ParOldGen       total 471552K, used 345094K [0x00000005c0000000, 0x00000005dcc80000, 0x0000000715580000)
  object space 471552K, 73% used [0x00000005c0000000,0x00000005d5101b18,0x00000005dcc80000)
 Metaspace       used 19991K, capacity 20208K, committed 20608K, reserved 1067008K
  class space    used 2260K, capacity 2341K, committed 2432K, reserved 1048576K
Event: 26,534 GC heap after
Heap after GC invocations=26 (full 6):
 PSYoungGen      total 2145280K, used 0K [0x0000000715580000, 0x000000079f100000, 0x00000007c0000000)
  eden space 2130432K, 0% used [0x0000000715580000,0x0000000715580000,0x0000000797600000)
  from space 14848K, 0% used [0x0000000798380000,0x0000000798380000,0x0000000799200000)
  to   space 13824K, 0% used [0x0000000797600000,0x0000000797600000,0x0000000798380000)
 ParOldGen       total 545792K, used 104728K [0x00000005c0000000, 0x00000005e1500000, 0x0000000715580000)
  object space 545792K, 19% used [0x00000005c0000000,0x00000005c6646290,0x00000005e1500000)
 Metaspace       used 19991K, capacity 20208K, committed 20608K, reserved 1067008K
  class space    used 2260K, capacity 2341K, committed 2432K, reserved 1048576K
}

