# JRE version: OpenJDK Runtime Environment (8.0_191-b12) (build 1.8.0_191-8u191-b12-2ubuntu0.18.04.1-b12)
# Java VM: OpenJDK 64-Bit Server VM (25.191-b12 mixed mode linux-amd64 compressed oops)
Heap:
 PSYoungGen      total 2701824K, used 1102065K [0x0000000715580000, 0x00000007bc980000, 0x00000007c0000000)
  eden space 2695168K, 40% used [0x0000000715580000,0x00000007589bc728,0x00000007b9d80000)
  from space 6656K, 0% used [0x00000007ba400000,0x00000007ba400000,0x00000007baa80000)
  to   space 6656K, 0% used [0x00000007b9d80000,0x00000007b9d80000,0x00000007ba400000)
 ParOldGen       total 1309184K, used 92932K [0x00000005c0000000, 0x000000060fe80000, 0x0000000715580000)
  object space 1309184K, 7% used [0x00000005c0000000,0x00000005c5ac13c8,0x000000060fe80000)
 Metaspace       used 19839K, capacity 20032K, committed 20352K, reserved 1067008K
  class space    used 2233K, capacity 2309K, committed 2432K, reserved 1048576K
GC Heap History (10 events):
Event: 78,040 GC heap before
{Heap before GC invocations=91 (full 10):
 PSYoungGen      total 2455040K, used 2449152K [0x0000000715580000, 0x00000007ac700000, 0x00000007c0000000)
  eden space 2447872K, 100% used [0x0000000715580000,0x00000007aac00000,0x00000007aac00000)
  from space 7168K, 17% used [0x00000007ab280000,0x00000007ab3c0010,0x00000007ab980000)
  to   space 6656K, 0% used [0x00000007aac00000,0x00000007aac00000,0x00000007ab280000)
 ParOldGen       total 1182720K, used 776092K [0x00000005c0000000, 0x0000000608300000, 0x0000000715580000)
  object space 1182720K, 65% used [0x00000005c0000000,0x00000005ef5e7260,0x0000000608300000)
 Metaspace       used 19819K, capacity 20032K, committed 20352K, reserved 1067008K
  class space    used 2229K, capacity 2309K, committed 2432K, reserved 1048576K
Event: 78,049 GC heap after
Heap after GC invocations=91 (full 10):
 PSYoungGen      total 2454528K, used 224K [0x0000000715580000, 0x00000007b1a00000, 0x00000007c0000000)
  eden space 2447872K, 0% used [0x0000000715580000,0x0000000715580000,0x00000007aac00000)
  from space 6656K, 3% used [0x00000007aac00000,0x00000007aac38000,0x00000007ab280000)
  to   space 6656K, 0% used [0x00000007b1380000,0x00000007b1380000,0x00000007b1a00000)
 ParOldGen       total 1182720K, used 861487K [0x00000005c0000000, 0x0000000608300000, 0x0000000715580000)
  object space 1182720K, 72% used [0x00000005c0000000,0x00000005f494bdd8,0x0000000608300000)
 Metaspace       used 19819K, capacity 20032K, committed 20352K, reserved 1067008K
  class space    used 2229K, capacity 2309K, committed 2432K, reserved 1048576K
}
Event: 80,301 GC heap before
{Heap before GC invocations=92 (full 10):
 PSYoungGen      total 2454528K, used 2448096K [0x0000000715580000, 0x00000007b1a00000, 0x00000007c0000000)
  eden space 2447872K, 100% used [0x0000000715580000,0x00000007aac00000,0x00000007aac00000)
  from space 6656K, 3% used [0x00000007aac00000,0x00000007aac38000,0x00000007ab280000)
  to   space 6656K, 0% used [0x00000007b1380000,0x00000007b1380000,0x00000007b1a00000)
 ParOldGen       total 1182720K, used 861487K [0x00000005c0000000, 0x0000000608300000, 0x0000000715580000)
  object space 1182720K, 72% used [0x00000005c0000000,0x00000005f494bdd8,0x0000000608300000)
 Metaspace       used 19819K, capacity 20032K, committed 20352K, reserved 1067008K
  class space    used 2229K, capacity 2309K, committed 2432K, reserved 1048576K
Event: 80,312 GC heap after
Heap after GC invocations=92 (full 10):
 PSYoungGen      total 2553344K, used 4352K [0x0000000715580000, 0x00000007b1b80000, 0x00000007c0000000)
  eden space 2546688K, 0% used [0x0000000715580000,0x0000000715580000,0x00000007b0c80000)
  from space 6656K, 65% used [0x00000007b1380000,0x00000007b17c0070,0x00000007b1a00000)
  to   space 7168K, 0% used [0x00000007b0c80000,0x00000007b0c80000,0x00000007b1380000)
 ParOldGen       total 1182720K, used 946882K [0x00000005c0000000, 0x0000000608300000, 0x0000000715580000)
  object space 1182720K, 80% used [0x00000005c0000000,0x00000005f9cb0950,0x0000000608300000)
 Metaspace       used 19819K, capacity 20032K, committed 20352K, reserved 1067008K
  class space    used 2229K, capacity 2309K, committed 2432K, reserved 1048576K
}
Event: 82,534 GC heap before
{Heap before GC invocations=93 (full 10):
 PSYoungGen      total 2553344K, used 2551040K [0x0000000715580000, 0x00000007b1b80000, 0x00000007c0000000)
  eden space 2546688K, 100% used [0x0000000715580000,0x00000007b0c80000,0x00000007b0c80000)
  from space 6656K, 65% used [0x00000007b1380000,0x00000007b17c0070,0x00000007b1a00000)
  to   space 7168K, 0% used [0x00000007b0c80000,0x00000007b0c80000,0x00000007b1380000)
 ParOldGen       total 1182720K, used 946882K [0x00000005c0000000, 0x0000000608300000, 0x0000000715580000)
  object space 1182720K, 80% used [0x00000005c0000000,0x00000005f9cb0950,0x0000000608300000)
 Metaspace       used 19819K, capacity 20032K, committed 20352K, reserved 1067008K
  class space    used 2229K, capacity 2309K, committed 2432K, reserved 1048576K
Event: 82,569 GC heap after
Heap after GC invocations=93 (full 10):
 PSYoungGen      total 2553856K, used 2048K [0x0000000715580000, 0x00000007baa80000, 0x00000007c0000000)
  eden space 2546688K, 0% used [0x0000000715580000,0x0000000715580000,0x00000007b0c80000)
  from space 7168K, 28% used [0x00000007b0c80000,0x00000007b0e80040,0x00000007b1380000)
  to   space 6656K, 0% used [0x00000007ba400000,0x00000007ba400000,0x00000007baa80000)
 ParOldGen       total 1182720K, used 1032277K [0x00000005c0000000, 0x0000000608300000, 0x0000000715580000)
  object space 1182720K, 87% used [0x00000005c0000000,0x00000005ff0154c8,0x0000000608300000)
 Metaspace       used 19819K, capacity 20032K, committed 20352K, reserved 1067008K
  class space    used 2229K, capacity 2309K, committed 2432K, reserved 1048576K
}
Event: 84,588 GC heap before
{Heap before GC invocations=94 (full 10):
 PSYoungGen      total 2553856K, used 2548736K [0x0000000715580000, 0x00000007baa80000, 0x00000007c0000000)
  eden space 2546688K, 100% used [0x0000000715580000,0x00000007b0c80000,0x00000007b0c80000)
  from space 7168K, 28% used [0x00000007b0c80000,0x00000007b0e80040,0x00000007b1380000)
  to   space 6656K, 0% used [0x00000007ba400000,0x00000007ba400000,0x00000007baa80000)
 ParOldGen       total 1182720K, used 1032277K [0x00000005c0000000, 0x0000000608300000, 0x0000000715580000)
  object space 1182720K, 87% used [0x00000005c0000000,0x00000005ff0154c8,0x0000000608300000)
 Metaspace       used 19819K, capacity 20032K, committed 20352K, reserved 1067008K
  class space    used 2229K, capacity 2309K, committed 2432K, reserved 1048576K
Event: 84,623 GC heap after
Heap after GC invocations=94 (full 10):
 PSYoungGen      total 2701824K, used 3616K [0x0000000715580000, 0x00000007bc980000, 0x00000007c0000000)
  eden space 2695168K, 0% used [0x0000000715580000,0x0000000715580000,0x00000007b9d80000)
  from space 6656K, 54% used [0x00000007ba400000,0x00000007ba788040,0x00000007baa80000)
  to   space 6656K, 0% used [0x00000007b9d80000,0x00000007b9d80000,0x00000007ba400000)
 ParOldGen       total 1182720K, used 1117672K [0x00000005c0000000, 0x0000000608300000, 0x0000000715580000)
  object space 1182720K, 94% used [0x00000005c0000000,0x000000060437a040,0x0000000608300000)
 Metaspace       used 19819K, capacity 20032K, committed 20352K, reserved 1067008K
  class space    used 2229K, capacity 2309K, committed 2432K, reserved 1048576K
}
Event: 84,623 GC heap before
{Heap before GC invocations=95 (full 11):
 PSYoungGen      total 2701824K, used 3616K [0x0000000715580000, 0x00000007bc980000, 0x00000007c0000000)
  eden space 2695168K, 0% used [0x0000000715580000,0x0000000715580000,0x00000007b9d80000)
  from space 6656K, 54% used [0x00000007ba400000,0x00000007ba788040,0x00000007baa80000)
  to   space 6656K, 0% used [0x00000007b9d80000,0x00000007b9d80000,0x00000007ba400000)
 ParOldGen       total 1182720K, used 1117672K [0x00000005c0000000, 0x0000000608300000, 0x0000000715580000)
  object space 1182720K, 94% used [0x00000005c0000000,0x000000060437a040,0x0000000608300000)
 Metaspace       used 19819K, capacity 20032K, committed 20352K, reserved 1067008K
  class space    used 2229K, capacity 2309K, committed 2432K, reserved 1048576K
Event: 84,646 GC heap after
Heap after GC invocations=95 (full 11):
 PSYoungGen      total 2701824K, used 0K [0x0000000715580000, 0x00000007bc980000, 0x00000007c0000000)
  eden space 2695168K, 0% used [0x0000000715580000,0x0000000715580000,0x00000007b9d80000)
  from space 6656K, 0% used [0x00000007ba400000,0x00000007ba400000,0x00000007baa80000)
  to   space 6656K, 0% used [0x00000007b9d80000,0x00000007b9d80000,0x00000007ba400000)
 ParOldGen       total 1309184K, used 92932K [0x00000005c0000000, 0x000000060fe80000, 0x0000000715580000)
  object space 1309184K, 7% used [0x00000005c0000000,0x00000005c5ac13c8,0x000000060fe80000)
 Metaspace       used 19819K, capacity 20032K, committed 20352K, reserved 1067008K
  class space    used 2229K, capacity 2309K, committed 2432K, reserved 1048576K
}

